<?xml version="1.0" encoding="UTF-8"?>
<!-- Generated by org.testng.reporters.JUnitReportReporter -->
<testsuite skipped="0" hostname="E826DMLZW2W7QEB" name="com.fc572.TestParallel" tests="4" failures="0" timestamp="18 Nov 2016 14:55:12 GMT" time="2.757" errors="0">
  <testcase name="test_01" time="0.718" classname="com.fc572.TestParallel"/>
  <testcase name="test_01" time="0.795" classname="com.fc572.TestParallel"/>
  <testcase name="thisIsATest" time="0.474" classname="com.fc572.TestParallel"/>
  <testcase name="thisIsATest" time="0.770" classname="com.fc572.TestParallel"/>
</testsuite> <!-- com.fc572.TestParallel -->
